app/build/outputs/mapping/debug/seeds.txt
com.antigravity.applocker.presentation.lock.LockActivity_GeneratedInjector
com.antigravity.applocker.MainActivity_GeneratedInjector
com.antigravity.applocker.triggers.GestureOverlayService
com.antigravity.applocker.presentation.hidden.HiddenAppsViewModel
com.antigravity.applocker.lockengine.AppLockService_GeneratedInjector
com.antigravity.applocker.lockengine.BootReceiver
com.antigravity.applocker.presentation.lock.LockActivity
com.antigravity.applocker.data.local.entity.HiddenAppEntity
com.antigravity.applocker.data.database.HiddenAppEntity
com.antigravity.applocker.data.local.entity.IntruderLogEntity
com.antigravity.applocker.lockengine.AppLockService
com.antigravity.applocker.presentation.dashboard.DashboardViewModel
com.antigravity.applocker.lockengine.AppLockerDeviceAdminReceiver
com.antigravity.applocker.AppLockerApplication_GeneratedInjector
com.antigravity.applocker.triggers.SecretCodeReceiver
com.antigravity.applocker.di.SecurityEntryPoint
com.antigravity.applocker.data.local.entity.LockedAppEntity
com.antigravity.applocker.data.local.AppLockerDatabase_Impl
com.antigravity.applocker.AppLockerApplication
com.antigravity.applocker.MainActivity
com.antigravity.applocker.data.local.AppLockerDatabase
com.antigravity.applocker.triggers.AppLockerAccessibilityService
com.antigravity.applocker.presentation.settings.SettingsViewModel
com.antigravity.applocker.data.local.entity.IntruderLogEntity: java.lang.String photoPath
com.antigravity.applocker.presentation.hidden.HiddenAppsViewModel: int $stable
com.antigravity.applocker.presentation.hidden.HiddenAppsViewModel: kotlinx.coroutines.flow.StateFlow hiddenAppsState
com.antigravity.applocker.data.local.entity.IntruderLogEntity: long timestamp
com.antigravity.applocker.Hilt_MainActivity: dagger.hilt.android.internal.managers.SavedStateHandleHolder savedStateHandleHolder
com.antigravity.applocker.presentation.lock.LockActivity: com.antigravity.applocker.util.HashUtil hashUtil
com.antigravity.applocker.data.database.HiddenAppEntity: int $stable
com.antigravity.applocker.lockengine.AppLockService: int NOTIFICATION_ID
com.antigravity.applocker.presentation.lock.Hilt_LockActivity: dagger.hilt.android.internal.managers.ActivityComponentManager componentManager
com.antigravity.applocker.presentation.hidden.HiddenAppsViewModel: kotlinx.coroutines.flow.MutableStateFlow _installedApps
com.antigravity.applocker.data.database.HiddenAppEntity: java.lang.String packageName
com.antigravity.applocker.presentation.lock.LockActivity: com.antigravity.applocker.util.BiometricHelper biometricHelper
com.antigravity.applocker.data.local.entity.LockedAppEntity: int $stable
com.antigravity.applocker.Hilt_MainActivity: dagger.hilt.android.internal.managers.ActivityComponentManager componentManager
com.antigravity.applocker.lockengine.AppLockService: com.antigravity.applocker.lockengine.AppLockService$Companion Companion
com.antigravity.applocker.presentation.settings.SettingsViewModel: com.antigravity.applocker.data.local.datastore.SettingsDataStore settingsDataStore
com.antigravity.applocker.data.local.entity.LockedAppEntity: boolean isLocked
com.antigravity.applocker.presentation.lock.Hilt_LockActivity: dagger.hilt.android.internal.managers.SavedStateHandleHolder savedStateHandleHolder
com.antigravity.applocker.presentation.settings.SettingsViewModel: int $stable
com.antigravity.applocker.lockengine.AppLockService: java.lang.String CHANNEL_ID
com.antigravity.applocker.MainActivity: int $stable
com.antigravity.applocker.presentation.hidden.HiddenAppsViewModel: com.antigravity.applocker.data.local.dao.HiddenAppDao hiddenAppDao
com.antigravity.applocker.data.local.entity.IntruderLogEntity: int id
com.antigravity.applocker.lockengine.AppLockService: android.view.WindowManager windowManager
com.antigravity.applocker.presentation.lock.LockActivity: java.lang.String EXTRA_PACKAGE_NAME
com.antigravity.applocker.lockengine.AppLockService: com.antigravity.applocker.lockengine.AppLockerEngine appLockerEngine
...
androidx.core.view.ViewCompat$Api20Impl: android.view.WindowInsets onApplyWindowInsets(android.view.View,android.view.WindowInsets)
androidx.core.app.NotificationCompatBuilder$Api20Impl: android.app.Notification$Builder setLocalOnly(android.app.Notification$Builder,boolean)
androidx.compose.foundation.text.selection.HandleReferencePoint: androidx.compose.foundation.text.selection.HandleReferencePoint valueOf(java.lang.String)
androidx.activity.ComponentActivity: void onMultiWindowModeChanged(boolean,android.content.res.Configuration)
androidx.compose.ui.platform.AndroidComposeView: android.view.View getView()
androidx.core.widget.TextViewCompat$Api23Impl: void setBreakStrategy(android.widget.TextView,int)
dagger.hilt.android.internal.builders.ServiceComponentBuilder: dagger.hilt.android.components.ServiceComponent build()
androidx.core.view.WindowInsetsCompat$Impl21: WindowInsetsCompat$Impl21(androidx.core.view.WindowInsetsCompat,android.view.WindowInsets)
android.support.v4.graphics.drawable.IconCompatParcelizer: void write(androidx.core.graphics.drawable.IconCompat,androidx.versionedparcelable.VersionedParcel)
androidx.biometric.BiometricViewModel: BiometricViewModel()
androidx.core.app.NotificationCompatBuilder$Api24Impl: android.app.Notification$Builder setCustomContentView(android.app.Notification$Builder,android.widget.RemoteViews)
dagger.hilt.android.internal.builders.ActivityRetainedComponentBuilder: dagger.hilt.android.components.ActivityRetainedComponent build()
androidx.activity.OnBackPressedDispatcher$Api34Impl: android.window.OnBackInvokedCallback createOnBackAnimationCallback(kotlin.jvm.functions.Function1,kotlin.jvm.functions.Function1,kotlin.jvm.functions.Function0,kotlin.jvm.functions.Function0)
androidx.appcompat.widget.AppCompatAutoCompleteTextView: void setDropDownBackgroundResource(int)
androidx.biometric.BiometricFragment$Api28Impl: void setDescription(android.hardware.biometrics.BiometricPrompt$Builder,java.lang.CharSequence)
androidx.lifecycle.ProcessLifecycleOwner$attach$1$onActivityPreCreated$1: void onActivityPostStarted(android.app.Activity)
androidx.appcompat.widget.LinearLayoutCompat: int getBaseline()
androidx.compose.ui.platform.AndroidComposeView: androidx.compose.ui.unit.Density getDensity()
androidx.appcompat.widget.AppCompatTextView: int getAutoSizeStepGranularity()
androidx.fragment.app.FragmentContainerView: androidx.fragment.app.Fragment getFragment()
androidx.fragment.app.DialogFragment: DialogFragment()
androidx.core.view.WindowInsetsCompat$Impl21: androidx.core.view.WindowInsetsCompat consumeStableInsets()
androidx.activity.ComponentActivity: java.lang.Object onRetainNonConfigurationInstance()
androidx.appcompat.widget.MenuPopupWindow$Api23Impl: void setExitTransition(android.widget.PopupWindow,android.transition.Transition)
dagger.hilt.android.internal.managers.ActivityRetainedComponentManager$ActivityRetainedComponentViewModel: dagger.hilt.android.components.ActivityRetainedComponent getComponent()
androidx.compose.ui.platform.AndroidComposeView: androidx.compose.ui.semantics.SemanticsOwner getSemanticsOwner()
androidx.core.view.ViewCompat$Api21Impl: boolean dispatchNestedFling(android.view.View,float,float,boolean)
androidx.appcompat.widget.AppCompatToggleButton: void setBackgroundDrawable(android.graphics.drawable.Drawable)
androidx.compose.ui.platform.ComposeView: boolean getShouldCreateCompositionOnAttachedToWindow()
androidx.compose.ui.text.platform.extensions.LocaleListHelperMethods: java.lang.Object localeSpan(androidx.compose.ui.text.intl.LocaleList)
androidx.core.app.RemoteActionCompatParcelizer: RemoteActionCompatParcelizer()
androidx.core.app.NotificationCompat$BubbleMetadata$Api29Impl: android.app.Notification$BubbleMetadata toPlatform(androidx.core.app.NotificationCompat$BubbleMetadata)
androidx.appcompat.widget.AppCompatButton: void setFilters(android.text.InputFilter[])
androidx.lifecycle.ReportFragment$LifecycleCallbacks: void onActivityStopped(android.app.Activity)