app/build/outputs/mapping/debug/usage.txt
com.antigravity.applocker.AppLockerApplication:
    public static final int $stable
com.antigravity.applocker.AppLockerApplication_ComponentTreeDeps
com.antigravity.applocker.AppLockerApplication_HiltComponents$ActivityC$Builder
com.antigravity.applocker.AppLockerApplication_HiltComponents$ActivityCBuilderModule
com.antigravity.applocker.AppLockerApplication_HiltComponents$ActivityRetainedC$Builder
com.antigravity.applocker.AppLockerApplication_HiltComponents$ActivityRetainedCBuilderModule
com.antigravity.applocker.AppLockerApplication_HiltComponents$FragmentC$Builder
com.antigravity.applocker.AppLockerApplication_HiltComponents$FragmentCBuilderModule
com.antigravity.applocker.AppLockerApplication_HiltComponents$ServiceC$Builder
com.antigravity.applocker.AppLockerApplication_HiltComponents$ServiceCBuilderModule
com.antigravity.applocker.AppLockerApplication_HiltComponents$ViewC$Builder
com.antigravity.applocker.AppLockerApplication_HiltComponents$ViewCBuilderModule
com.antigravity.applocker.AppLockerApplication_HiltComponents$ViewModelC$Builder
com.antigravity.applocker.AppLockerApplication_HiltComponents$ViewModelCBuilderModule
com.antigravity.applocker.AppLockerApplication_HiltComponents$ViewWithFragmentC$Builder
com.antigravity.applocker.AppLockerApplication_HiltComponents$ViewWithFragmentCBuilderModule
com.antigravity.applocker.AppLockerApplication_HiltComponents
com.antigravity.applocker.DaggerAppLockerApplication_HiltComponents_SingletonC$ActivityCImpl$LazyClassKeyProvider:
    com.antigravity.applocker.presentation.dashboard.DashboardViewModel com_antigravity_applocker_presentation_dashboard_DashboardViewModel2
    com.antigravity.applocker.presentation.hidden.HiddenAppsViewModel com_antigravity_applocker_presentation_hidden_HiddenAppsViewModel2
    com.antigravity.applocker.presentation.settings.SettingsViewModel com_antigravity_applocker_presentation_settings_SettingsViewModel2
    private void <init>()
com.antigravity.applocker.DaggerAppLockerApplication_HiltComponents_SingletonC$ViewModelCImpl$LazyClassKeyProvider:
    com.antigravity.applocker.presentation.dashboard.DashboardViewModel com_antigravity_applocker_presentation_dashboard_DashboardViewModel2
    com.antigravity.applocker.presentation.hidden.HiddenAppsViewModel com_antigravity_applocker_presentation_hidden_HiddenAppsViewModel2
    com.antigravity.applocker.presentation.settings.SettingsViewModel com_antigravity_applocker_presentation_settings_SettingsViewModel2
    private void <init>()
com.antigravity.applocker.DaggerAppLockerApplication_HiltComponents_SingletonC:
    private void <init>()
com.antigravity.applocker.Hilt_MainActivity:
    void <init>(int)
com.antigravity.applocker.R$mipmap
com.antigravity.applocker.R$string
com.antigravity.applocker.R$style
com.antigravity.applocker.R$xml
com.antigravity.applocker.R
com.antigravity.applocker.data.database.HiddenAppDao
com.antigravity.applocker.data.local.AppLockerDatabase:
    public static final int $stable
    public static final java.lang.String DATABASE_NAME
com.antigravity.applocker.data.local.AppLockerDatabase_Impl:
    public void clearAllTables()
com.antigravity.applocker.data.local.dao.AppLockerDao:
    public abstract kotlinx.coroutines.flow.Flow getIntruderLogs()
    public abstract java.lang.Object insertIntruderLog(com.antigravity.applocker.data.local.entity.IntruderLogEntity,kotlin.coroutines.Continuation)
com.antigravity.applocker.data.local.dao.AppLockerDao_Impl$5
com.antigravity.applocker.data.local.dao.AppLockerDao_Impl$8
com.antigravity.applocker.data.local.dao.AppLockerDao_Impl:
    public kotlinx.coroutines.flow.Flow getIntruderLogs()
    public java.lang.Object insertIntruderLog(com.antigravity.applocker.data.local.entity.IntruderLogEntity,kotlin.coroutines.Continuation)
...
androidx.compose.material.icons.filled.PanoramaVerticalSelectKt
androidx.compose.material.icons.filled.PanoramaWideAngleKt
androidx.compose.material.icons.filled.PanoramaWideAngleSelectKt
androidx.compose.material.icons.filled.ParaglidingKt
androidx.compose.material.icons.filled.ParkKt
androidx.compose.material.icons.filled.PartyModeKt
androidx.compose.material.icons.filled.PasswordKt
androidx.compose.material.icons.filled.PatternKt
androidx.compose.material.icons.filled.PauseCircleFilledKt
androidx.compose.material.icons.filled.PauseCircleKt
androidx.compose.material.icons.filled.PauseCircleOutlineKt
androidx.compose.material.icons.filled.PauseKt
androidx.compose.material.icons.filled.PausePresentationKt
androidx.compose.material.icons.filled.PaymentKt
androidx.compose.material.icons.filled.PaymentsKt
androidx.compose.material.icons.filled.PedalBikeKt
androidx.compose.material.icons.filled.PendingActionsKt
androidx.compose.material.icons.filled.PendingKt
androidx.compose.material.icons.filled.PentagonKt
androidx.compose.material.icons.filled.PeopleAltKt
androidx.compose.material.icons.filled.PeopleKt
androidx.compose.material.icons.filled.PeopleOutlineKt
androidx.compose.material.icons.filled.PercentKt
androidx.compose.material.icons.filled.PermCameraMicKt
androidx.compose.material.icons.filled.PermContactCalendarKt
androidx.compose.material.icons.filled.PermDataSettingKt
androidx.compose.material.icons.filled.PermDeviceInformationKt
androidx.compose.material.icons.filled.PermIdentityKt
androidx.compose.material.icons.filled.PermMediaKt
androidx.compose.material.icons.filled.PermPhoneMsgKt
androidx.compose.material.icons.filled.PermScanWifiKt
androidx.compose.material.icons.filled.Person2Kt
androidx.compose.material.icons.filled.Person3Kt
androidx.compose.material.icons.filled.Person4Kt
androidx.compose.material.icons.filled.PersonAddAlt1Kt
androidx.compose.material.icons.filled.PersonAddAltKt
androidx.compose.material.icons.filled.PersonAddDisabledKt
androidx.compose.material.icons.filled.PersonAddKt
androidx.compose.material.icons.filled.PersonKt
androidx.compose.material.icons.filled.PersonOffKt
androidx.compose.material.icons.filled.PersonOutlineKt
androidx.compose.material.icons.filled.PersonPinCircleKt
androidx.compose.material.icons.filled.PersonPinKt
androidx.compose.material.icons.filled.PersonRemoveAlt1Kt
androidx.compose.material.icons.filled.PersonRemoveKt
androidx.compose.material.icons.filled.PersonSearchKt
androidx.compose.material.icons.filled.PersonalInjuryKt
androidx.compose.material.icons.filled.PersonalVideoKt
androidx.compose.material.icons.filled.PestControlKt
androidx.compose.material.icons.filled.PestControlRodentKt
androidx.compose.material.icons.filled.PetsKt
androidx.compose.material.icons.filled.PhishingKt
androidx.compose.material.icons.filled.PhoneAndroidKt
androidx.compose.material.icons.filled.PhoneBluetoothSpeakerKt
androidx.compose.material.icons.filled.PhoneCallbackKt
androidx.compose.material.icons.filled.PhoneDisabledKt
androidx.compose.material.icons.filled.PhoneEnabledKt
androidx.compose.material.icons.filled.PhoneForwardedKt
androidx.compose.material.icons.filled.PhoneInTalkKt
androidx.compose.material.icons.filled.PhoneIphoneKt
androidx.compose.material.icons.filled.PhoneKt
androidx.compose.material.icons.filled.PhoneLockedKt
androidx.compose.material.icons.filled.PhoneMissedKt
androidx.compose.material.icons.filled.PhonePausedKt
androidx.compose.material.icons.filled.PhonelinkEraseKt
androidx.compose.material.icons.filled.PhonelinkKt
androidx.compose.material.icons.filled.PhonelinkLockKt
androidx.compose.material.icons.filled.PhonelinkOffKt
androidx.compose.material.icons.filled.PhonelinkRingKt
androidx.compose.material.icons.filled.PhonelinkSetupKt
androidx.compose.material.icons.filled.PhotoAlbumKt
androidx.compose.material.icons.filled.PhotoCameraBackKt
androidx.compose.material.icons.filled.PhotoCameraFrontKt
androidx.compose.material.icons.filled.PhotoCameraKt